::1 - - [20/Apr/2021:17:02:47 +0000] "GET /rest/api/subapp/geo/countries HTTP/1.1" 200 - "http://localhost:3000/" "Mozilla/5.0 (Windows NT 10.0; Win64; x64) AppleWebKit/537.36 (KHTML, like Gecko) Chrome/89.0.4389.128 Safari/537.36"
::1 - - [20/Apr/2021:17:02:48 +0000] "GET /rest/api/subapp/geo/regions?countryId=600c36a6cc05b40fac7bb63b HTTP/1.1" 200 - "http://localhost:3000/" "Mozilla/5.0 (Windows NT 10.0; Win64; x64) AppleWebKit/537.36 (KHTML, like Gecko) Chrome/89.0.4389.128 Safari/537.36"
::1 - - [20/Apr/2021:17:02:49 +0000] "GET /rest/api/subapp/option/rdo_macrocategory HTTP/1.1" 200 219 "http://localhost:3000/" "Mozilla/5.0 (Windows NT 10.0; Win64; x64) AppleWebKit/537.36 (KHTML, like Gecko) Chrome/89.0.4389.128 Safari/537.36"
::1 - - [20/Apr/2021:17:02:55 +0000] "GET /rest/api/subapp/geo/provinces?regionId=600c38d7cc05b40fac7bb6bf HTTP/1.1" 200 426 "http://localhost:3000/" "Mozilla/5.0 (Windows NT 10.0; Win64; x64) AppleWebKit/537.36 (KHTML, like Gecko) Chrome/89.0.4389.128 Safari/537.36"
::1 - - [21/Apr/2021:17:55:27 +0000] "POST /rest/api/subapp/rdo?regionOfInterest=Piemonte HTTP/1.1" 500 23 "-" "PostmanRuntime/7.26.10"
::1 - - [21/Apr/2021:17:55:46 +0000] "POST /rest/api/subapp/rdo?regionOfInterest=Piemonte HTTP/1.1" 500 23 "-" "PostmanRuntime/7.26.10"
::1 - - [21/Apr/2021:17:55:47 +0000] "POST /rest/api/subapp/rdo?regionOfInterest=Piemonte HTTP/1.1" 500 23 "-" "PostmanRuntime/7.26.10"
::1 - - [21/Apr/2021:17:55:54 +0000] "POST /rest/api/subapp/rdo HTTP/1.1" 500 23 "-" "PostmanRuntime/7.26.10"
::1 - - [21/Apr/2021:17:56:13 +0000] "POST /rest/api/subapp/board/rdo?regionOfInterest=Piemonte HTTP/1.1" 500 23 "-" "PostmanRuntime/7.26.10"
::1 - - [21/Apr/2021:17:56:22 +0000] "POST /rest/api/subapp/board/rdo/all HTTP/1.1" 401 48 "-" "PostmanRuntime/7.26.10"
::1 - - [21/Apr/2021:17:56:31 +0000] "POST /rest/api/subapp/board/rdo/all HTTP/1.1" 401 48 "-" "PostmanRuntime/7.26.10"
::1 - - [21/Apr/2021:17:56:32 +0000] "POST /rest/api/subapp/board/rdo/all HTTP/1.1" 401 48 "-" "PostmanRuntime/7.26.10"
::1 - - [21/Apr/2021:17:56:32 +0000] "POST /rest/api/subapp/board/rdo/all HTTP/1.1" 401 48 "-" "PostmanRuntime/7.26.10"
::1 - - [21/Apr/2021:17:56:33 +0000] "POST /rest/api/subapp/board/rdo/all HTTP/1.1" 401 48 "-" "PostmanRuntime/7.26.10"
::1 - - [21/Apr/2021:17:56:58 +0000] "POST /rest/api/subapp/board/rdo/all HTTP/1.1" 401 48 "-" "PostmanRuntime/7.26.10"
::1 - - [21/Apr/2021:17:56:59 +0000] "POST /rest/api/subapp/board/rdo/all HTTP/1.1" 401 48 "-" "PostmanRuntime/7.26.10"
::1 - - [21/Apr/2021:17:57:04 +0000] "POST /rest/api/subapp/board/rdo/all HTTP/1.1" 401 48 "-" "PostmanRuntime/7.26.10"
::1 - - [21/Apr/2021:17:57:29 +0000] "POST /rest/api/subapp/board/rdo/all HTTP/1.1" 401 48 "-" "PostmanRuntime/7.26.10"
::1 - - [21/Apr/2021:17:57:30 +0000] "POST /rest/api/subapp/board/rdo/all HTTP/1.1" 401 48 "-" "PostmanRuntime/7.26.10"
::1 - - [21/Apr/2021:17:57:31 +0000] "POST /rest/api/subapp/board/rdo/all HTTP/1.1" 401 48 "-" "PostmanRuntime/7.26.10"
::1 - - [21/Apr/2021:17:58:10 +0000] "POST /rest/api/subapp/board/rdo/all HTTP/1.1" 401 48 "-" "PostmanRuntime/7.26.10"
::1 - - [21/Apr/2021:17:58:11 +0000] "POST /rest/api/subapp/board/rdo/all HTTP/1.1" 401 48 "-" "PostmanRuntime/7.26.10"
::1 - - [21/Apr/2021:17:58:12 +0000] "POST /rest/api/subapp/board/rdo/all HTTP/1.1" 401 48 "-" "PostmanRuntime/7.26.10"
::1 - - [21/Apr/2021:17:58:26 +0000] "GET /rest/api/subapp/board/rdo/all HTTP/1.1" 200 - "-" "PostmanRuntime/7.26.10"
::1 - - [21/Apr/2021:17:58:40 +0000] "GET /rest/api/subapp/board/rdo?regionOfInterest=Piemonte HTTP/1.1" 200 11 "-" "PostmanRuntime/7.26.10"
::1 - - [21/Apr/2021:17:59:27 +0000] "GET /rest/api/subapp/board/rdo?peculiarity=Ciao HTTP/1.1" 200 - "-" "PostmanRuntime/7.26.10"
::1 - - [21/Apr/2021:18:01:38 +0000] "GET /rest/api/subapp/board/rdo?description=Piemonte HTTP/1.1" 200 11 "-" "PostmanRuntime/7.26.10"
::1 - - [21/Apr/2021:18:01:54 +0000] "GET /rest/api/subapp/board/rdo HTTP/1.1" 200 - "-" "PostmanRuntime/7.26.10"
::1 - - [21/Apr/2021:18:03:54 +0000] "GET /rest/api/subapp/board/rdo?regionOfInterest=Piemonte HTTP/1.1" 200 11 "-" "PostmanRuntime/7.26.10"
::1 - - [21/Apr/2021:18:05:23 +0000] "GET /rest/api/subapp/board/rdo?regionOfInterest=Piemonte HTTP/1.1" 200 11 "-" "PostmanRuntime/7.26.10"
::1 - - [21/Apr/2021:18:07:11 +0000] "GET /rest/api/subapp/board/rdo?regionOfInterest=600c38d7cc05b40fac7bb6c9 HTTP/1.1" 200 11 "-" "PostmanRuntime/7.26.10"
::1 - - [21/Apr/2021:18:09:35 +0000] "GET /rest/api/subapp/board/rdo?regionOfInterest=Piemonte HTTP/1.1" 200 11 "-" "PostmanRuntime/7.26.10"
::1 - - [21/Apr/2021:18:09:42 +0000] "GET /rest/api/subapp/board/rdo?regionOfInterest=Piemonte HTTP/1.1" 200 11 "-" "PostmanRuntime/7.26.10"
::1 - - [21/Apr/2021:18:15:09 +0000] "GET /rest/api/subapp/board/rdo?regionOfInterest=Piemonte HTTP/1.1" 200 11 "-" "PostmanRuntime/7.26.10"
::1 - - [21/Apr/2021:18:15:14 +0000] "GET /rest/api/subapp/board/rdo?regionOfInterest=Piemonte HTTP/1.1" 200 11 "-" "PostmanRuntime/7.26.10"
::1 - - [21/Apr/2021:18:15:15 +0000] "GET /rest/api/subapp/board/rdo?regionOfInterest=Piemonte HTTP/1.1" 200 11 "-" "PostmanRuntime/7.26.10"
::1 - - [21/Apr/2021:18:15:15 +0000] "GET /rest/api/subapp/board/rdo?regionOfInterest=Piemonte HTTP/1.1" 200 11 "-" "PostmanRuntime/7.26.10"
::1 - - [21/Apr/2021:18:15:16 +0000] "GET /rest/api/subapp/board/rdo?regionOfInterest=Piemonte HTTP/1.1" 200 11 "-" "PostmanRuntime/7.26.10"
::1 - - [21/Apr/2021:18:15:16 +0000] "GET /rest/api/subapp/board/rdo?regionOfInterest=Piemonte HTTP/1.1" 200 11 "-" "PostmanRuntime/7.26.10"
::1 - - [21/Apr/2021:18:15:17 +0000] "GET /rest/api/subapp/board/rdo?regionOfInterest=Piemonte HTTP/1.1" 200 11 "-" "PostmanRuntime/7.26.10"
::1 - - [21/Apr/2021:18:15:49 +0000] "GET /rest/api/subapp/board/rdo?regionOfInterest=Piemonte HTTP/1.1" 200 11 "-" "PostmanRuntime/7.26.10"
::1 - - [21/Apr/2021:18:16:41 +0000] "GET /rest/api/subapp/board/rdo?regionOfInterest=600c38d7cc05b40fac7bb6c9 HTTP/1.1" 200 11 "-" "PostmanRuntime/7.26.10"
::1 - - [21/Apr/2021:18:17:06 +0000] "GET /rest/api/subapp/board/rdo?regionOfInterest=600c38d7cc05b40fac7bb6c9 HTTP/1.1" 200 11 "-" "PostmanRuntime/7.26.10"
::1 - - [21/Apr/2021:18:17:07 +0000] "GET /rest/api/subapp/board/rdo?regionOfInterest=600c38d7cc05b40fac7bb6c9 HTTP/1.1" 200 11 "-" "PostmanRuntime/7.26.10"
::1 - - [21/Apr/2021:18:17:07 +0000] "GET /rest/api/subapp/board/rdo?regionOfInterest=600c38d7cc05b40fac7bb6c9 HTTP/1.1" 200 11 "-" "PostmanRuntime/7.26.10"
::1 - - [21/Apr/2021:18:17:46 +0000] "GET /rest/api/subapp/board/rdo?regionOfInterest=600c38d7cc05b40fac7bb6c9 HTTP/1.1" 200 11 "-" "PostmanRuntime/7.26.10"
::1 - - [21/Apr/2021:18:18:47 +0000] "GET /rest/api/subapp/board/rdo?regionOfInterest=Piemonte HTTP/1.1" 200 - "-" "PostmanRuntime/7.26.10"
::1 - - [21/Apr/2021:18:20:53 +0000] "GET /rest/api/subapp/board/rdo?regionOfInterest=Piemonte&regionOfInterest=Lombardia HTTP/1.1" 200 - "-" "PostmanRuntime/7.26.10"
::1 - - [21/Apr/2021:18:24:46 +0000] "GET /rest/api/subapp/board/rdo?regionOfInterest=Piemonte&imports=fino%20a%2050.000%E2%82%AC HTTP/1.1" 200 - "-" "PostmanRuntime/7.26.10"
::1 - - [21/Apr/2021:18:25:30 +0000] "GET /rest/api/subapp/board/rdo?regionOfInterest=Piemonte&imports=oltre%20a%20500.000%E2%82%AC HTTP/1.1" 200 11 "-" "PostmanRuntime/7.26.10"
::1 - - [21/Apr/2021:18:25:49 +0000] "GET /rest/api/subapp/board/rdo?regionOfInterest=Lombardia&imports=oltre%20a%20500.000%E2%82%AC HTTP/1.1" 200 11 "-" "PostmanRuntime/7.26.10"
::1 - - [21/Apr/2021:18:26:01 +0000] "GET /rest/api/subapp/board/rdo?regionOfInterest=Lombardia&imports=oltre%20500.000%E2%82%AC HTTP/1.1" 200 - "-" "PostmanRuntime/7.26.10"
::1 - - [21/Apr/2021:18:26:06 +0000] "GET /rest/api/subapp/board/rdo?regionOfInterest=Piemonte&imports=oltre%20500.000%E2%82%AC HTTP/1.1" 200 11 "-" "PostmanRuntime/7.26.10"
::1 - - [21/Apr/2021:18:26:09 +0000] "GET /rest/api/subapp/board/rdo?regionOfInterest=Lombardia&imports=oltre%20500.000%E2%82%AC HTTP/1.1" 200 - "-" "PostmanRuntime/7.26.10"
::1 - - [21/Apr/2021:18:29:11 +0000] "GET /rest/api/subapp/board/rdo?rdoId=602eba1483c76614b8ce2d8f HTTP/1.1" 200 11 "-" "PostmanRuntime/7.26.10"
::1 - - [21/Apr/2021:18:30:34 +0000] "GET /rest/api/subapp/board/rdo?regionOfInterestId=Lombardia&imports=oltre%20500.000%E2%82%AC HTTP/1.1" 200 11 "-" "PostmanRuntime/7.26.10"
::1 - - [21/Apr/2021:18:30:35 +0000] "GET /rest/api/subapp/board/rdo?regionOfInterestId=Lombardia&imports=oltre%20500.000%E2%82%AC HTTP/1.1" 200 11 "-" "PostmanRuntime/7.26.10"
::1 - - [21/Apr/2021:18:31:04 +0000] "GET /rest/api/subapp/board/rdo?rdoId=602eba1483c76614b8ce2d8f HTTP/1.1" 200 11 "-" "PostmanRuntime/7.26.10"
::1 - - [21/Apr/2021:18:31:45 +0000] "GET /rest/api/subapp/board/rdo?rdoId=602eba1483c76614b8ce2d8f HTTP/1.1" 200 11 "-" "PostmanRuntime/7.26.10"
::1 - - [21/Apr/2021:18:31:46 +0000] "GET /rest/api/subapp/board/rdo?rdoId=602eba1483c76614b8ce2d8f HTTP/1.1" 200 11 "-" "PostmanRuntime/7.26.10"
::1 - - [21/Apr/2021:18:32:03 +0000] "GET /rest/api/subapp/board/rdo?regionOfInterestId=600c38d7cc05b40fac7bb6c6&imports=oltre%20500.000%E2%82%AC HTTP/1.1" 200 11 "-" "PostmanRuntime/7.26.10"
::1 - - [21/Apr/2021:18:32:04 +0000] "GET /rest/api/subapp/board/rdo?regionOfInterestId=600c38d7cc05b40fac7bb6c6&imports=oltre%20500.000%E2%82%AC HTTP/1.1" 200 11 "-" "PostmanRuntime/7.26.10"
::1 - - [21/Apr/2021:18:32:04 +0000] "GET /rest/api/subapp/board/rdo?regionOfInterestId=600c38d7cc05b40fac7bb6c6&imports=oltre%20500.000%E2%82%AC HTTP/1.1" 200 11 "-" "PostmanRuntime/7.26.10"
::1 - - [21/Apr/2021:18:32:05 +0000] "GET /rest/api/subapp/board/rdo?regionOfInterestId=600c38d7cc05b40fac7bb6c6&imports=oltre%20500.000%E2%82%AC HTTP/1.1" 200 11 "-" "PostmanRuntime/7.26.10"
::1 - - [21/Apr/2021:18:32:05 +0000] "GET /rest/api/subapp/board/rdo?regionOfInterestId=600c38d7cc05b40fac7bb6c6&imports=oltre%20500.000%E2%82%AC HTTP/1.1" 200 11 "-" "PostmanRuntime/7.26.10"
::1 - - [21/Apr/2021:18:32:05 +0000] "GET /rest/api/subapp/board/rdo?regionOfInterestId=600c38d7cc05b40fac7bb6c6&imports=oltre%20500.000%E2%82%AC HTTP/1.1" 200 11 "-" "PostmanRuntime/7.26.10"
::1 - - [21/Apr/2021:18:32:06 +0000] "GET /rest/api/subapp/board/rdo?regionOfInterestId=600c38d7cc05b40fac7bb6c6&imports=oltre%20500.000%E2%82%AC HTTP/1.1" 200 11 "-" "PostmanRuntime/7.26.10"
::1 - - [21/Apr/2021:18:33:36 +0000] "GET /rest/api/subapp/board/rdo?regionOfInterestId=Lombardia&imports=oltre%20500.000%E2%82%AC HTTP/1.1" 200 11 "-" "PostmanRuntime/7.26.10"
::ffff:127.0.0.1 - - [21/Apr/2021:18:33:47 +0000] "GET /rest/api/subapp/board/rdo?regionOfInterestId=Lombardia&imports=oltre%20500.000%E2%82%AC HTTP/1.1" 200 11 "-" "PostmanRuntime/7.26.10"
::ffff:127.0.0.1 - - [21/Apr/2021:18:33:48 +0000] "GET /rest/api/subapp/board/rdo?regionOfInterestId=Lombardia&imports=oltre%20500.000%E2%82%AC HTTP/1.1" 200 11 "-" "PostmanRuntime/7.26.10"
::ffff:127.0.0.1 - - [21/Apr/2021:18:33:49 +0000] "GET /rest/api/subapp/board/rdo?regionOfInterestId=Lombardia&imports=oltre%20500.000%E2%82%AC HTTP/1.1" 200 11 "-" "PostmanRuntime/7.26.10"
::ffff:127.0.0.1 - - [21/Apr/2021:18:33:50 +0000] "GET /rest/api/subapp/board/rdo?regionOfInterestId=Lombardia&imports=oltre%20500.000%E2%82%AC HTTP/1.1" 200 11 "-" "PostmanRuntime/7.26.10"
::ffff:127.0.0.1 - - [21/Apr/2021:18:33:54 +0000] "GET /rest/api/subapp/board/rdo?regionOfInterest=Lombardia&imports=oltre%20500.000%E2%82%AC HTTP/1.1" 200 11 "-" "PostmanRuntime/7.26.10"
::ffff:127.0.0.1 - - [21/Apr/2021:18:33:55 +0000] "GET /rest/api/subapp/board/rdo?regionOfInterest=Lombardia&imports=oltre%20500.000%E2%82%AC HTTP/1.1" 200 11 "-" "PostmanRuntime/7.26.10"
::ffff:127.0.0.1 - - [21/Apr/2021:18:33:55 +0000] "GET /rest/api/subapp/board/rdo?regionOfInterest=Lombardia&imports=oltre%20500.000%E2%82%AC HTTP/1.1" 200 11 "-" "PostmanRuntime/7.26.10"
::ffff:127.0.0.1 - - [21/Apr/2021:18:33:56 +0000] "GET /rest/api/subapp/board/rdo?regionOfInterest=Lombardia&imports=oltre%20500.000%E2%82%AC HTTP/1.1" 200 11 "-" "PostmanRuntime/7.26.10"
::ffff:127.0.0.1 - - [21/Apr/2021:18:33:57 +0000] "GET /rest/api/subapp/board/rdo?regionOfInterest=Lombardia&imports=oltre%20500.000%E2%82%AC HTTP/1.1" 200 11 "-" "PostmanRuntime/7.26.10"
::ffff:127.0.0.1 - - [21/Apr/2021:18:34:51 +0000] "GET /rest/api/subapp/board/rdo?regionOfInterest=Lombardia&imports=oltre%20500.000%E2%82%AC HTTP/1.1" 200 11 "-" "PostmanRuntime/7.26.10"
::ffff:127.0.0.1 - - [21/Apr/2021:18:34:51 +0000] "GET /rest/api/subapp/board/rdo?regionOfInterest=Lombardia&imports=oltre%20500.000%E2%82%AC HTTP/1.1" 200 11 "-" "PostmanRuntime/7.26.10"
::ffff:127.0.0.1 - - [21/Apr/2021:18:34:52 +0000] "GET /rest/api/subapp/board/rdo?regionOfInterest=Lombardia&imports=oltre%20500.000%E2%82%AC HTTP/1.1" 200 11 "-" "PostmanRuntime/7.26.10"
::1 - - [21/Apr/2021:18:35:38 +0000] "GET /rest/api/subapp/board/rdo?regionOfInterest=Lombardia&imports=oltre%20500.000%E2%82%AC&subCategory=Divise%20da%20lavoro,%20camici,%20calzature HTTP/1.1" 200 - "-" "PostmanRuntime/7.26.10"
::1 - - [21/Apr/2021:18:37:15 +0000] "GET /rest/api/subapp/board/rdo?regionOfInterestId=600c38d7cc05b40fac7bb6c6&imports=oltre%20500.000%E2%82%AC&rdoId=602eba1483c76614b8ce2d8f HTTP/1.1" 200 - "-" "PostmanRuntime/7.26.10"
::1 - - [21/Apr/2021:18:37:17 +0000] "GET /rest/api/subapp/board/rdo?regionOfInterestId=600c38d7cc05b40fac7bb6c6&imports=oltre%20500.000%E2%82%AC&rdoId=602eba1483c76614b8ce2d8f HTTP/1.1" 200 - "-" "PostmanRuntime/7.26.10"
::1 - - [21/Apr/2021:18:37:18 +0000] "GET /rest/api/subapp/board/rdo?regionOfInterestId=600c38d7cc05b40fac7bb6c6&imports=oltre%20500.000%E2%82%AC&rdoId=602eba1483c76614b8ce2d8f HTTP/1.1" 200 - "-" "PostmanRuntime/7.26.10"
::1 - - [21/Apr/2021:18:37:18 +0000] "GET /rest/api/subapp/board/rdo?regionOfInterestId=600c38d7cc05b40fac7bb6c6&imports=oltre%20500.000%E2%82%AC&rdoId=602eba1483c76614b8ce2d8f HTTP/1.1" 200 - "-" "PostmanRuntime/7.26.10"
::1 - - [21/Apr/2021:18:37:19 +0000] "GET /rest/api/subapp/board/rdo?regionOfInterestId=600c38d7cc05b40fac7bb6c6&imports=oltre%20500.000%E2%82%AC&rdoId=602eba1483c76614b8ce2d8f HTTP/1.1" 200 - "-" "PostmanRuntime/7.26.10"
::1 - - [21/Apr/2021:18:37:19 +0000] "GET /rest/api/subapp/board/rdo?regionOfInterestId=600c38d7cc05b40fac7bb6c6&imports=oltre%20500.000%E2%82%AC&rdoId=602eba1483c76614b8ce2d8f HTTP/1.1" 200 - "-" "PostmanRuntime/7.26.10"
::1 - - [21/Apr/2021:18:39:40 +0000] "GET /rest/api/subapp/board/rdo?regionOfInterestId=600c38d7cc05b40fac7bb6c6&imports=oltre%20500.000%E2%82%AC&rdoId=602eba1483c76614b8ce2d8f HTTP/1.1" 500 - "-" "PostmanRuntime/7.26.10"
::1 - - [21/Apr/2021:18:40:40 +0000] "GET /rest/api/subapp/board/rdo?regionOfInterestId=600c38d7cc05b40fac7bb6c6&imports=oltre%20500.000%E2%82%AC&rdoId=602eba1483c76614b8ce2d8f HTTP/1.1" 200 - "-" "PostmanRuntime/7.26.10"
::1 - - [21/Apr/2021:18:40:46 +0000] "GET /rest/api/subapp/board/rdo?regionOfInterestId=600c38d7cc05b40fac7bb6c6&imports=oltre%20500.000%E2%82%AC&rdoId=602eba1483c76614b8ce2d8fa HTTP/1.1" 200 109 "-" "PostmanRuntime/7.26.10"
::1 - - [21/Apr/2021:18:40:54 +0000] "GET /rest/api/subapp/board/rdo?regionOfInterestId=600c38d7cc05b40fac7bb6c6&imports=oltre%20500.000%E2%82%AC&rdoId=602eba1483c76614b8ce2d8f HTTP/1.1" 200 - "-" "PostmanRuntime/7.26.10"
